Analysis & Synthesis report for CircuitosDigitaisProblemaUm
Sun Apr 28 20:23:49 2024
Quartus Prime Version 23.1std.0 Build 991 11/28/2023 SC Lite Edition


---------------------
; Table of Contents ;
---------------------
  1. Legal Notice
  2. Analysis & Synthesis Summary
  3. Analysis & Synthesis Settings
  4. Parallel Compilation
  5. Analysis & Synthesis Source Files Read
  6. Analysis & Synthesis Messages
  7. Analysis & Synthesis Suppressed Messages



----------------
; Legal Notice ;
----------------
Copyright (C) 2023  Intel Corporation. All rights reserved.
Your use of Intel Corporation's design tools, logic functions 
and other software and tools, and any partner logic 
functions, and any output files from any of the foregoing 
(including device programming or simulation files), and any 
associated documentation or information are expressly subject 
to the terms and conditions of the Intel Program License 
Subscription Agreement, the Intel Quartus Prime License Agreement,
the Intel FPGA IP License Agreement, or other applicable license
agreement, including, without limitation, that your use is for
the sole purpose of programming logic devices manufactured by
Intel and sold by Intel or its authorized distributors.  Please
refer to the applicable agreement for further details, at
https://fpgasoftware.intel.com/eula.



+------------------------------------------------------------------------------+
; Analysis & Synthesis Summary                                                 ;
+-----------------------------+------------------------------------------------+
; Analysis & Synthesis Status ; Failed - Sun Apr 28 20:23:49 2024              ;
; Quartus Prime Version       ; 23.1std.0 Build 991 11/28/2023 SC Lite Edition ;
; Revision Name               ; CircuitosDigitaisProblemaUm                    ;
; Top-level Entity Name       ; CircuitosDigitaisProblemaUm                    ;
; Family                      ; MAX II                                         ;
+-----------------------------+------------------------------------------------+


+------------------------------------------------------------------------------------------------------------------------------+
; Analysis & Synthesis Settings                                                                                                ;
+------------------------------------------------------------------+-----------------------------+-----------------------------+
; Option                                                           ; Setting                     ; Default Value               ;
+------------------------------------------------------------------+-----------------------------+-----------------------------+
; Device                                                           ; EPM240T100C5                ;                             ;
; Top-level entity name                                            ; CircuitosDigitaisProblemaUm ; CircuitosDigitaisProblemaUm ;
; Family name                                                      ; MAX II                      ; Cyclone V                   ;
; Use smart compilation                                            ; Off                         ; Off                         ;
; Enable parallel Assembler and Timing Analyzer during compilation ; On                          ; On                          ;
; Enable compact report table                                      ; Off                         ; Off                         ;
; Restructure Multiplexers                                         ; Auto                        ; Auto                        ;
; Create Debugging Nodes for IP Cores                              ; Off                         ; Off                         ;
; Preserve fewer node names                                        ; On                          ; On                          ;
; Intel FPGA IP Evaluation Mode                                    ; Enable                      ; Enable                      ;
; Verilog Version                                                  ; Verilog_2001                ; Verilog_2001                ;
; VHDL Version                                                     ; VHDL_1993                   ; VHDL_1993                   ;
; State Machine Processing                                         ; Auto                        ; Auto                        ;
; Safe State Machine                                               ; Off                         ; Off                         ;
; Extract Verilog State Machines                                   ; On                          ; On                          ;
; Extract VHDL State Machines                                      ; On                          ; On                          ;
; Ignore Verilog initial constructs                                ; Off                         ; Off                         ;
; Iteration limit for constant Verilog loops                       ; 5000                        ; 5000                        ;
; Iteration limit for non-constant Verilog loops                   ; 250                         ; 250                         ;
; Add Pass-Through Logic to Inferred RAMs                          ; On                          ; On                          ;
; Infer RAMs from Raw Logic                                        ; On                          ; On                          ;
; Parallel Synthesis                                               ; On                          ; On                          ;
; NOT Gate Push-Back                                               ; On                          ; On                          ;
; Power-Up Don't Care                                              ; On                          ; On                          ;
; Remove Redundant Logic Cells                                     ; Off                         ; Off                         ;
; Remove Duplicate Registers                                       ; On                          ; On                          ;
; Ignore CARRY Buffers                                             ; Off                         ; Off                         ;
; Ignore CASCADE Buffers                                           ; Off                         ; Off                         ;
; Ignore GLOBAL Buffers                                            ; Off                         ; Off                         ;
; Ignore ROW GLOBAL Buffers                                        ; Off                         ; Off                         ;
; Ignore LCELL Buffers                                             ; Off                         ; Off                         ;
; Ignore SOFT Buffers                                              ; On                          ; On                          ;
; Limit AHDL Integers to 32 Bits                                   ; Off                         ; Off                         ;
; Optimization Technique                                           ; Balanced                    ; Balanced                    ;
; Carry Chain Length                                               ; 70                          ; 70                          ;
; Auto Carry Chains                                                ; On                          ; On                          ;
; Auto Open-Drain Pins                                             ; On                          ; On                          ;
; Perform WYSIWYG Primitive Resynthesis                            ; Off                         ; Off                         ;
; Auto Shift Register Replacement                                  ; Auto                        ; Auto                        ;
; Allow Shift Register Merging across Hierarchies                  ; Auto                        ; Auto                        ;
; Auto Clock Enable Replacement                                    ; On                          ; On                          ;
; Allow Synchronous Control Signals                                ; On                          ; On                          ;
; Force Use of Synchronous Clear Signals                           ; Off                         ; Off                         ;
; Auto Resource Sharing                                            ; Off                         ; Off                         ;
; Use LogicLock Constraints during Resource Balancing              ; On                          ; On                          ;
; Ignore translate_off and synthesis_off directives                ; Off                         ; Off                         ;
; Report Parameter Settings                                        ; On                          ; On                          ;
; Report Source Assignments                                        ; On                          ; On                          ;
; Report Connectivity Checks                                       ; On                          ; On                          ;
; Ignore Maximum Fan-Out Assignments                               ; Off                         ; Off                         ;
; Synchronization Register Chain Length                            ; 2                           ; 2                           ;
; Power Optimization During Synthesis                              ; Normal compilation          ; Normal compilation          ;
; HDL message level                                                ; Level2                      ; Level2                      ;
; Suppress Register Optimization Related Messages                  ; Off                         ; Off                         ;
; Number of Removed Registers Reported in Synthesis Report         ; 5000                        ; 5000                        ;
; Number of Swept Nodes Reported in Synthesis Report               ; 5000                        ; 5000                        ;
; Number of Inverted Registers Reported in Synthesis Report        ; 100                         ; 100                         ;
; Clock MUX Protection                                             ; On                          ; On                          ;
; Block Design Naming                                              ; Auto                        ; Auto                        ;
; Synthesis Effort                                                 ; Auto                        ; Auto                        ;
; Shift Register Replacement - Allow Asynchronous Clear Signal     ; On                          ; On                          ;
; Analysis & Synthesis Message Level                               ; Medium                      ; Medium                      ;
; Disable Register Merging Across Hierarchies                      ; Auto                        ; Auto                        ;
+------------------------------------------------------------------+-----------------------------+-----------------------------+


+------------------------------------------+
; Parallel Compilation                     ;
+----------------------------+-------------+
; Processors                 ; Number      ;
+----------------------------+-------------+
; Number detected on machine ; 2           ;
; Maximum allowed            ; 2           ;
;                            ;             ;
; Average used               ; 1.00        ;
; Maximum used               ; 1           ;
;                            ;             ;
; Usage by Processor         ; % Time Used ;
;     Processor 1            ; 100.0%      ;
+----------------------------+-------------+


+--------------------------------------------------------------------------------------------------------------------------------------------------------------+
; Analysis & Synthesis Source Files Read                                                                                                                       ;
+----------------------------------+-----------------+------------------------+----------------------------------------------------------------------+---------+
; File Name with User-Entered Path ; Used in Netlist ; File Type              ; File Name with Absolute Path                                         ; Library ;
+----------------------------------+-----------------+------------------------+----------------------------------------------------------------------+---------+
; CircuitosDigitaisProblemaUm.v    ; yes             ; User Verilog HDL File  ; /home/davi/CircuitosDigitaisProblemaUm/CircuitosDigitaisProblemaUm.v ;         ;
; returnMux.v                      ; yes             ; User Verilog HDL File  ; /home/davi/CircuitosDigitaisProblemaUm/returnMux.v                   ;         ;
; driverMatriz.v                   ; yes             ; User Verilog HDL File  ; /home/davi/CircuitosDigitaisProblemaUm/driverMatriz.v                ;         ;
; encoderNivelCaixa.v              ; yes             ; User Verilog HDL File  ; /home/davi/CircuitosDigitaisProblemaUm/encoderNivelCaixa.v           ;         ;
; encoderTipoRega.v                ; yes             ; User Verilog HDL File  ; /home/davi/CircuitosDigitaisProblemaUm/encoderTipoRega.v             ;         ;
+----------------------------------+-----------------+------------------------+----------------------------------------------------------------------+---------+


+-------------------------------+
; Analysis & Synthesis Messages ;
+-------------------------------+
Info: *******************************************************************
Info: Running Quartus Prime Analysis & Synthesis
    Info: Version 23.1std.0 Build 991 11/28/2023 SC Lite Edition
    Info: Processing started: Sun Apr 28 20:23:03 2024
Info: Command: quartus_map --read_settings_files=on --write_settings_files=off CircuitosDigitaisProblemaUm -c CircuitosDigitaisProblemaUm
Warning (18236): Number of processors has not been specified which may cause overloading on shared machines.  Set the global assignment NUM_PARALLEL_PROCESSORS in your QSF to an appropriate value for best performance.
Info (20030): Parallel compilation is enabled and will use 2 of the 2 processors detected
Info (12021): Found 1 design units, including 1 entities, in source file CircuitosDigitaisProblemaUm.v
    Info (12023): Found entity 1: CircuitosDigitaisProblemaUm File: /home/davi/CircuitosDigitaisProblemaUm/CircuitosDigitaisProblemaUm.v Line: 1
Info (12021): Found 1 design units, including 1 entities, in source file returnMux.v
    Info (12023): Found entity 1: returnMux File: /home/davi/CircuitosDigitaisProblemaUm/returnMux.v Line: 1
Info (12021): Found 1 design units, including 1 entities, in source file driverMatriz.v
    Info (12023): Found entity 1: driverMatriz File: /home/davi/CircuitosDigitaisProblemaUm/driverMatriz.v Line: 1
Info (12021): Found 1 design units, including 1 entities, in source file encoderNivelCaixa.v
    Info (12023): Found entity 1: encoderNivelCaixa File: /home/davi/CircuitosDigitaisProblemaUm/encoderNivelCaixa.v Line: 1
Info (12021): Found 1 design units, including 1 entities, in source file encoderTipoRega.v
    Info (12023): Found entity 1: encoderTipoRega File: /home/davi/CircuitosDigitaisProblemaUm/encoderTipoRega.v Line: 1
Warning (10236): Verilog HDL Implicit Net warning at CircuitosDigitaisProblemaUm.v(36): created implicit net for "or_Temperatura_NotMedium" File: /home/davi/CircuitosDigitaisProblemaUm/CircuitosDigitaisProblemaUm.v Line: 36
Warning (10236): Verilog HDL Implicit Net warning at CircuitosDigitaisProblemaUm.v(40): created implicit net for "and_NotTemperatura_Medium" File: /home/davi/CircuitosDigitaisProblemaUm/CircuitosDigitaisProblemaUm.v Line: 40
Warning (10236): Verilog HDL Implicit Net warning at CircuitosDigitaisProblemaUm.v(41): created implicit net for "or_AndNotTemperaturaMedium_NotUmidadeAr" File: /home/davi/CircuitosDigitaisProblemaUm/CircuitosDigitaisProblemaUm.v Line: 41
Warning (10236): Verilog HDL Implicit Net warning at encoderNivelCaixa.v(25): created implicit net for "auxiliarE" File: /home/davi/CircuitosDigitaisProblemaUm/encoderNivelCaixa.v Line: 25
Critical Warning (10846): Verilog HDL Instantiation warning at CircuitosDigitaisProblemaUm.v(55): instance has no name File: /home/davi/CircuitosDigitaisProblemaUm/CircuitosDigitaisProblemaUm.v Line: 55
Critical Warning (10846): Verilog HDL Instantiation warning at CircuitosDigitaisProblemaUm.v(67): instance has no name File: /home/davi/CircuitosDigitaisProblemaUm/CircuitosDigitaisProblemaUm.v Line: 67
Critical Warning (10846): Verilog HDL Instantiation warning at CircuitosDigitaisProblemaUm.v(88): instance has no name File: /home/davi/CircuitosDigitaisProblemaUm/CircuitosDigitaisProblemaUm.v Line: 88
Info (12127): Elaborating entity "CircuitosDigitaisProblemaUm" for the top level hierarchy
Info (12128): Elaborating entity "encoderNivelCaixa" for hierarchy "encoderNivelCaixa:comb_23" File: /home/davi/CircuitosDigitaisProblemaUm/CircuitosDigitaisProblemaUm.v Line: 55
Info (12128): Elaborating entity "encoderTipoRega" for hierarchy "encoderTipoRega:comb_24" File: /home/davi/CircuitosDigitaisProblemaUm/CircuitosDigitaisProblemaUm.v Line: 67
Info (12128): Elaborating entity "driverMatriz" for hierarchy "driverMatriz:comb_25" File: /home/davi/CircuitosDigitaisProblemaUm/CircuitosDigitaisProblemaUm.v Line: 88
Info (12128): Elaborating entity "returnMux" for hierarchy "driverMatriz:comb_25|returnMux:segA" File: /home/davi/CircuitosDigitaisProblemaUm/driverMatriz.v Line: 28
Error (12014): Net "driverMatriz:comb_25|saidaMux", which fans out to "driverMatriz:comb_25|saidaMux", cannot be assigned more than one value File: /home/davi/CircuitosDigitaisProblemaUm/driverMatriz.v Line: 21
    Error (12015): Net is fed by "driverMatriz:comb_25|returnMux:segA|saidaMux" File: /home/davi/CircuitosDigitaisProblemaUm/returnMux.v Line: 9
    Error (12015): Net is fed by "driverMatriz:comb_25|returnMux:segB|saidaMux" File: /home/davi/CircuitosDigitaisProblemaUm/returnMux.v Line: 9
    Error (12015): Net is fed by "driverMatriz:comb_25|returnMux:segC|saidaMux" File: /home/davi/CircuitosDigitaisProblemaUm/returnMux.v Line: 9
    Error (12015): Net is fed by "driverMatriz:comb_25|returnMux:segD|saidaMux" File: /home/davi/CircuitosDigitaisProblemaUm/returnMux.v Line: 9
    Error (12015): Net is fed by "driverMatriz:comb_25|returnMux:segE|saidaMux" File: /home/davi/CircuitosDigitaisProblemaUm/returnMux.v Line: 9
    Error (12015): Net is fed by "driverMatriz:comb_25|returnMux:segF|saidaMux" File: /home/davi/CircuitosDigitaisProblemaUm/returnMux.v Line: 9
    Error (12015): Net is fed by "driverMatriz:comb_25|returnMux:segG|saidaMux" File: /home/davi/CircuitosDigitaisProblemaUm/returnMux.v Line: 9
Info (144001): Generated suppressed messages file /home/davi/CircuitosDigitaisProblemaUm/output_files/CircuitosDigitaisProblemaUm.map.smsg
Error: Quartus Prime Analysis & Synthesis was unsuccessful. 8 errors, 8 warnings
    Error: Peak virtual memory: 319 megabytes
    Error: Processing ended: Sun Apr 28 20:23:49 2024
    Error: Elapsed time: 00:00:46
    Error: Total CPU time (on all processors): 00:00:47


+------------------------------------------+
; Analysis & Synthesis Suppressed Messages ;
+------------------------------------------+
The suppressed messages can be found in /home/davi/CircuitosDigitaisProblemaUm/output_files/CircuitosDigitaisProblemaUm.map.smsg.


